------------------------------------------------------------------------------------------------------------------------

[2012-11-22 11:36:24 #1 store] 
Database 'C:\Users\Norrecito\Documents\NetBeansProjects\projectcardsserver\database\projectcards.odb' is opened by 12840@Norrecito-HP

[2012-11-22 11:36:24 #2 type] 
Type entity.Char is not enhanced.

[2012-11-22 11:36:24 #3 type] 
Type entity.UsrData is not enhanced.

[2012-11-22 11:36:24 #4 type] 
Type entity.CharStats is not enhanced.

------------------------------------------------------------------------------------------------------------------------

[2012-11-22 12:17:49 #1 store] 
Database 'C:\Users\Norrecito\Documents\NetBeansProjects\projectcardsserver\database\projectcards.odb' is opened by 2056@Norrecito-HP

[2012-11-22 12:17:49 #2 type] 
Type entity.Char is not enhanced.

[2012-11-22 12:17:49 #3 type] 
Type entity.UsrData is not enhanced.

[2012-11-22 12:17:49 #4 type] 
Type entity.CharStats is not enhanced.

------------------------------------------------------------------------------------------------------------------------

[2012-11-22 12:28:43 #1 store] 
Database 'C:\Users\Norrecito\Documents\NetBeansProjects\projectcardsserver\database\projectcards.odb' has been recovered (tr. 1-6)

[2012-11-22 12:28:43 #2 store] 
Database 'C:\Users\Norrecito\Documents\NetBeansProjects\projectcardsserver\database\projectcards.odb' is opened by 11632@Norrecito-HP

[2012-11-22 12:28:44 #3 type] 
Type entity.Char is not enhanced.

[2012-11-22 12:28:44 #4 type] 
Type entity.UsrData is not enhanced.

[2012-11-22 12:28:44 #5 type] 
Type entity.CharStats is not enhanced.

------------------------------------------------------------------------------------------------------------------------

[2012-11-22 12:29:53 #1 store] 
Database 'C:\Users\Norrecito\Documents\NetBeansProjects\projectcardsserver\database\projectcards.odb' is opened by 12800@Norrecito-HP

[2012-11-22 12:29:53 #2 type] 
Type entity.Char is not enhanced.

[2012-11-22 12:29:53 #3 type] 
Type entity.UsrData is not enhanced.

[2012-11-22 12:29:53 #4 type] 
Type entity.CharStats is not enhanced.

------------------------------------------------------------------------------------------------------------------------

[2012-11-22 12:30:24 #1 store] 
Database 'C:\Users\Norrecito\Documents\NetBeansProjects\projectcardsserver\database\projectcards.odb' has been recovered (tr. 1-6)

[2012-11-22 12:30:24 #2 store] 
Database 'C:\Users\Norrecito\Documents\NetBeansProjects\projectcardsserver\database\projectcards.odb' is opened by 13432@Norrecito-HP

[2012-11-22 12:30:24 #3 type] 
Type entity.Char is not enhanced.

[2012-11-22 12:30:24 #4 type] 
Type entity.UsrData is not enhanced.

[2012-11-22 12:30:24 #5 type] 
Type entity.CharStats is not enhanced.

------------------------------------------------------------------------------------------------------------------------

[2012-11-22 12:36:32 #1 store] 
Database 'C:\Users\Norrecito\Documents\NetBeansProjects\projectcardsserver\database\projectcards.odb' has been recovered (tr. 7-7)

[2012-11-22 12:36:32 #2 store] 
Database 'C:\Users\Norrecito\Documents\NetBeansProjects\projectcardsserver\database\projectcards.odb' is opened by 13264@Norrecito-HP

[2012-11-22 12:36:32 #3 type] 
Type entity.Char is not enhanced.

[2012-11-22 12:36:32 #4 type] 
Type entity.UsrData is not enhanced.

[2012-11-22 12:36:32 #5 type] 
Type entity.CharStats is not enhanced.

------------------------------------------------------------------------------------------------------------------------

[2012-11-22 12:36:56 #1 store] 
Database 'C:\Users\Norrecito\Documents\NetBeansProjects\projectcardsserver\database\projectcards.odb' is opened by 8412@Norrecito-HP

[2012-11-22 12:36:56 #2 type] 
Type entity.Char is not enhanced.

[2012-11-22 12:36:56 #3 type] 
Type entity.UsrData is not enhanced.

[2012-11-22 12:36:56 #4 type] 
Type entity.CharStats is not enhanced.

------------------------------------------------------------------------------------------------------------------------

[2012-11-22 12:37:57 #1 store] 
Database 'C:\Users\Norrecito\Documents\NetBeansProjects\projectcardsserver\database\projectcards.odb' has been recovered (tr. 1-8)

[2012-11-22 12:37:57 #2 store] 
Database 'C:\Users\Norrecito\Documents\NetBeansProjects\projectcardsserver\database\projectcards.odb' is opened by 7700@Norrecito-HP

[2012-11-22 12:37:57 #3 type] 
Type entity.Char is not enhanced.

[2012-11-22 12:37:57 #4 type] 
Type entity.UsrData is not enhanced.

[2012-11-22 12:37:57 #5 type] 
Type entity.CharStats is not enhanced.

[2012-11-22 12:37:58 #6 store] 
Database 'C:\Users\Norrecito\Documents\NetBeansProjects\projectcardsserver\database\projectcards.odb' is closed by 7700@Norrecito-HP

------------------------------------------------------------------------------------------------------------------------

[2012-11-22 15:54:37 #1 store] 
Database 'C:\Users\Norrecito\Documents\NetBeansProjects\projectcardsserver\database\projectcards.odb' is opened by 3160@Norrecito-HP

[2012-11-22 15:54:37 #2 type] 
Type entity.Char is not enhanced.

[2012-11-22 15:54:37 #3 type] 
Type entity.UsrData is not enhanced.

[2012-11-22 15:54:37 #4 type] 
Type entity.CharStats is not enhanced.

[2012-11-22 15:54:37 #5 store] 
Database 'C:\Users\Norrecito\Documents\NetBeansProjects\projectcardsserver\database\projectcards.odb' is closed by 3160@Norrecito-HP

------------------------------------------------------------------------------------------------------------------------

[2012-11-22 15:55:06 #1 store] 
Database 'C:\Users\Norrecito\Documents\NetBeansProjects\projectcardsserver\database\projectcards.odb' is opened by 6632@Norrecito-HP

[2012-11-22 15:55:06 #2 type] 
Type entity.Char is not enhanced.

[2012-11-22 15:55:06 #3 type] 
Type entity.UsrData is not enhanced.

[2012-11-22 15:55:06 #4 type] 
Type entity.CharStats is not enhanced.

[2012-11-22 15:55:06 #5 store] 
Database 'C:\Users\Norrecito\Documents\NetBeansProjects\projectcardsserver\database\projectcards.odb' is closed by 6632@Norrecito-HP

------------------------------------------------------------------------------------------------------------------------

[2012-11-22 15:58:46 #1 store] 
Database 'C:\Users\Norrecito\Documents\NetBeansProjects\projectcardsserver\database\projectcards.odb' is opened by 11552@Norrecito-HP

[2012-11-22 15:58:46 #2 type] 
Type entity.Char is not enhanced.

[2012-11-22 15:58:46 #3 type] 
Type entity.UsrData is not enhanced.

[2012-11-22 15:58:46 #4 type] 
Type entity.CharStats is not enhanced.

[2012-11-22 15:58:46 #5 store] 
Database 'C:\Users\Norrecito\Documents\NetBeansProjects\projectcardsserver\database\projectcards.odb' is closed by 11552@Norrecito-HP

------------------------------------------------------------------------------------------------------------------------

[2012-11-22 16:12:59 #1 store] 
Database 'C:\Users\Norrecito\Documents\NetBeansProjects\projectcardsserver\database\projectcards.odb' is opened by 13848@Norrecito-HP

[2012-11-22 16:12:59 #2 type] 
Type entity.Char is not enhanced.

[2012-11-22 16:12:59 #3 type] 
Type entity.UsrData is not enhanced.

[2012-11-22 16:12:59 #4 type] 
Type entity.CharStats is not enhanced.

[2012-11-22 16:12:59 #5 store] 
Database 'C:\Users\Norrecito\Documents\NetBeansProjects\projectcardsserver\database\projectcards.odb' is closed by 13848@Norrecito-HP

